<?xml version="1.0" encoding="UTF-8"?>
<!-- Generated by org.testng.reporters.JUnitReportReporter -->
<testsuite hostname="Onkars-MBP.attlocal.net" name="ituSelenium.NetworkBuilders.LoginTests" tests="4" failures="0" timestamp="2 Nov 2015 07:49:20 GMT" time="31.857" errors="0">
  <testcase name="verifyAdminRole" time="0.004" classname="ituSelenium.NetworkBuilders.LoginTests"/>
  <testcase name="verifyAlumniRole" time="0.001" classname="ituSelenium.NetworkBuilders.LoginTests"/>
  <testcase name="verifyHomepageTitle" time="0.007" classname="ituSelenium.NetworkBuilders.LoginTests"/>
  <testcase name="verifyStudentRole" time="31.845" classname="ituSelenium.NetworkBuilders.LoginTests"/>
</testsuite> <!-- ituSelenium.NetworkBuilders.LoginTests -->
